<?xml version="1.0" encoding="UTF-8"?>
<!-- Generated by org.testng.reporters.JUnitReportReporter -->
<testsuite skipped="0" hostname="DESKTOP-B2LISJD" name="Package_2.WomenPageTest" tests="2" failures="0" timestamp="05 Jan 2020 21:02:51 GMT" time="6.340" errors="0">
  <testcase name="verifydisplaedproductTest" time="2.849" classname="Package_2.WomenPageTest"/>
  <testcase name="AddToCartTest" time="3.491" classname="Package_2.WomenPageTest"/>
</testsuite> <!-- Package_2.WomenPageTest -->
