<?xml version="1.0" encoding="UTF-8"?>
<!-- Generated by org.testng.reporters.JUnitReportReporter -->
<testsuite skipped="2" hostname="DESKTOP-B2LISJD" name="Package_2.HomePageTest" tests="3" failures="0" timestamp="05 Jan 2020 23:16:29 GMT" time="2.459" errors="0">
  <testcase name="substest" time="2.459" classname="Package_2.HomePageTest"/>
  <testcase name="clickwomentabtest" classname="Package_2.HomePageTest">
    <skipped/>
  </testcase> <!-- clickwomentabtest -->
  <testcase name="verifywomentabclickTest" classname="Package_2.HomePageTest">
    <skipped/>
  </testcase> <!-- verifywomentabclickTest -->
</testsuite> <!-- Package_2.HomePageTest -->
