<?xml version="1.0" encoding="UTF-8"?>
<!-- Generated by org.testng.reporters.JUnitReportReporter -->
<testsuite skipped="0" hostname="DESKTOP-B2LISJD" name="Package_2.WomenPageTest" tests="2" failures="0" timestamp="03 Jan 2020 08:35:30 GMT" time="13.993" errors="0">
  <testcase name="verifydisplaedproductTest" time="3.714" classname="Package_2.WomenPageTest"/>
  <testcase name="AddToCartTest" time="10.279" classname="Package_2.WomenPageTest"/>
</testsuite> <!-- Package_2.WomenPageTest -->
