<?xml version="1.0" encoding="UTF-8"?>
<!-- Generated by org.testng.reporters.JUnitReportReporter -->
<testsuite hostname="DESKTOP-B2LISJD" name="Package_2.WomenPageTest" tests="2" failures="0" timestamp="6 Jan 2020 21:17:09 GMT" time="4.738" errors="0">
  <testcase name="AddToCartTest" time="2.382" classname="Package_2.WomenPageTest"/>
  <testcase name="verifydisplaedproductTest" time="2.356" classname="Package_2.WomenPageTest"/>
</testsuite> <!-- Package_2.WomenPageTest -->
