<?xml version="1.0" encoding="UTF-8"?>
<!-- Generated by org.testng.reporters.JUnitReportReporter -->
<testsuite hostname="DESKTOP-B2LISJD" name="Package_2.HomePageTest" tests="1" failures="0" timestamp="6 Jan 2020 21:17:09 GMT" time="2.387" errors="0">
  <testcase name="NoOfSubscriptionTest" time="2.387" classname="Package_2.HomePageTest"/>
</testsuite> <!-- Package_2.HomePageTest -->
